Started GET "/" for 127.0.0.1 at 2020-08-07 10:31:08 +0700
  [1m[35m (1.1ms)[0m  [1m[34mSELECT sqlite_version(*)[0m
Processing by StaticPagesController#help as HTML
  Rendering static_pages/help.html.erb within layouts/application
  Rendered static_pages/help.html.erb within layouts/application (Duration: 0.7ms | Allocations: 305)
[Webpacker] Compiling...
[Webpacker] Compiled all packs in /home/nguyenthitham/thamntsample/public/packs
[Webpacker] Hash: 15d1bb7b54cf6326b9ba
Version: webpack 4.44.1
Time: 1432ms
Built at: 08/07/2020 10:31:11 AM
                                     Asset       Size       Chunks                         Chunk Names
    js/application-9afcbb5693aa87623e69.js    124 KiB  application  [emitted] [immutable]  application
js/application-9afcbb5693aa87623e69.js.map    139 KiB  application  [emitted] [dev]        application
                             manifest.json  364 bytes               [emitted]              
Entrypoint application = js/application-9afcbb5693aa87623e69.js js/application-9afcbb5693aa87623e69.js.map
[./app/javascript/channels sync recursive _channel\.js$] ./app/javascript/channels sync _channel\.js$ 160 bytes {application} [built]
[./app/javascript/channels/index.js] 211 bytes {application} [built]
[./app/javascript/packs/application.js] 749 bytes {application} [built]
[./node_modules/webpack/buildin/module.js] (webpack)/buildin/module.js 552 bytes {application} [built]
    + 3 hidden modules

Completed 200 OK in 2451ms (Views: 2442.3ms | ActiveRecord: 0.0ms | Allocations: 18712)


Started GET "/" for 127.0.0.1 at 2020-08-07 10:31:17 +0700
Processing by StaticPagesController#help as HTML
  Rendering static_pages/help.html.erb within layouts/application
  Rendered static_pages/help.html.erb within layouts/application (Duration: 0.0ms | Allocations: 5)
[Webpacker] Everything's up-to-date. Nothing to do
Completed 200 OK in 5ms (Views: 4.4ms | ActiveRecord: 0.0ms | Allocations: 3241)


Started GET "/" for 127.0.0.1 at 2020-08-07 10:31:20 +0700
Processing by StaticPagesController#help as HTML
  Rendering static_pages/help.html.erb within layouts/application
  Rendered static_pages/help.html.erb within layouts/application (Duration: 0.0ms | Allocations: 5)
[Webpacker] Everything's up-to-date. Nothing to do
Completed 200 OK in 5ms (Views: 3.4ms | ActiveRecord: 0.0ms | Allocations: 3304)


Started GET "/" for 127.0.0.1 at 2020-08-07 10:36:48 +0700
Processing by StaticPagesController#help as HTML
  Rendering static_pages/help.html.erb within layouts/application
  Rendered static_pages/help.html.erb within layouts/application (Duration: 0.2ms | Allocations: 80)
[Webpacker] Everything's up-to-date. Nothing to do
Completed 200 OK in 4ms (Views: 3.9ms | ActiveRecord: 0.0ms | Allocations: 4464)


Started GET "/" for 127.0.0.1 at 2020-08-07 10:36:49 +0700
Processing by StaticPagesController#help as HTML
  Rendering static_pages/help.html.erb within layouts/application
  Rendered static_pages/help.html.erb within layouts/application (Duration: 0.0ms | Allocations: 5)
[Webpacker] Everything's up-to-date. Nothing to do
Completed 200 OK in 4ms (Views: 3.7ms | ActiveRecord: 0.0ms | Allocations: 3361)


Started GET "/" for 127.0.0.1 at 2020-08-07 10:36:49 +0700
Processing by StaticPagesController#help as HTML
  Rendering static_pages/help.html.erb within layouts/application
  Rendered static_pages/help.html.erb within layouts/application (Duration: 0.1ms | Allocations: 4)
[Webpacker] Everything's up-to-date. Nothing to do
Completed 200 OK in 5ms (Views: 4.1ms | ActiveRecord: 0.0ms | Allocations: 3363)


Started GET "/" for 127.0.0.1 at 2020-08-07 10:39:03 +0700
Processing by StaticPagesController#help as HTML
  Rendering static_pages/help.html.erb within layouts/application
  Rendered static_pages/help.html.erb within layouts/application (Duration: 0.6ms | Allocations: 79)
[Webpacker] Everything's up-to-date. Nothing to do
Completed 200 OK in 17ms (Views: 15.4ms | ActiveRecord: 0.0ms | Allocations: 4445)


Started GET "/" for 127.0.0.1 at 2020-08-07 10:39:04 +0700
Processing by StaticPagesController#help as HTML
  Rendering static_pages/help.html.erb within layouts/application
  Rendered static_pages/help.html.erb within layouts/application (Duration: 0.1ms | Allocations: 4)
[Webpacker] Everything's up-to-date. Nothing to do
Completed 200 OK in 13ms (Views: 11.4ms | ActiveRecord: 0.0ms | Allocations: 3358)


Started GET "/" for 127.0.0.1 at 2020-08-07 10:39:04 +0700
Processing by StaticPagesController#help as HTML
  Rendering static_pages/help.html.erb within layouts/application
  Rendered static_pages/help.html.erb within layouts/application (Duration: 0.0ms | Allocations: 4)
[Webpacker] Everything's up-to-date. Nothing to do
Completed 200 OK in 3ms (Views: 2.9ms | ActiveRecord: 0.0ms | Allocations: 3367)


Started GET "/" for 127.0.0.1 at 2020-08-07 10:39:04 +0700
Processing by StaticPagesController#help as HTML
  Rendering static_pages/help.html.erb within layouts/application
  Rendered static_pages/help.html.erb within layouts/application (Duration: 0.1ms | Allocations: 5)
[Webpacker] Everything's up-to-date. Nothing to do
Completed 200 OK in 15ms (Views: 13.3ms | ActiveRecord: 0.0ms | Allocations: 3371)


Started GET "/" for 127.0.0.1 at 2020-08-07 10:39:59 +0700
Processing by StaticPagesController#help as HTML
  Rendering static_pages/help.html.erb within layouts/application
  Rendered static_pages/help.html.erb within layouts/application (Duration: 0.1ms | Allocations: 4)
[Webpacker] Everything's up-to-date. Nothing to do
Completed 200 OK in 14ms (Views: 12.6ms | ActiveRecord: 0.0ms | Allocations: 3373)


Started GET "/" for 127.0.0.1 at 2020-08-07 10:39:59 +0700
Processing by StaticPagesController#help as HTML
  Rendering static_pages/help.html.erb within layouts/application
  Rendered static_pages/help.html.erb within layouts/application (Duration: 0.0ms | Allocations: 4)
[Webpacker] Everything's up-to-date. Nothing to do
Completed 200 OK in 3ms (Views: 2.8ms | ActiveRecord: 0.0ms | Allocations: 3367)


Started GET "/" for 127.0.0.1 at 2020-08-07 10:39:59 +0700
Processing by StaticPagesController#help as HTML
  Rendering static_pages/help.html.erb within layouts/application
  Rendered static_pages/help.html.erb within layouts/application (Duration: 0.0ms | Allocations: 4)
[Webpacker] Everything's up-to-date. Nothing to do
Completed 200 OK in 3ms (Views: 3.0ms | ActiveRecord: 0.0ms | Allocations: 3371)


Started GET "/" for 127.0.0.1 at 2020-08-07 10:41:27 +0700
  [1m[35m (0.2ms)[0m  [1m[34mSELECT sqlite_version(*)[0m
Processing by StaticPagesController#home as HTML
  Rendering static_pages/home.html.erb within layouts/application
  Rendered static_pages/home.html.erb within layouts/application (Duration: 7.6ms | Allocations: 4849)
[Webpacker] Everything's up-to-date. Nothing to do
Completed 200 OK in 13ms (Views: 12.8ms | ActiveRecord: 0.0ms | Allocations: 8373)


Started GET "/" for 127.0.0.1 at 2020-08-07 10:44:10 +0700
  [1m[35m (0.3ms)[0m  [1m[34mSELECT sqlite_version(*)[0m
Processing by StaticPagesController#home as HTML
  Rendering static_pages/home.html.erb within layouts/application
  Rendered static_pages/home.html.erb within layouts/application (Duration: 218.6ms | Allocations: 55436)
[Webpacker] Everything's up-to-date. Nothing to do
Completed 200 OK in 252ms (Views: 246.6ms | ActiveRecord: 0.0ms | Allocations: 71129)


Started GET "/" for 127.0.0.1 at 2020-08-07 10:44:36 +0700
Processing by StaticPagesController#home as HTML
  Rendering static_pages/home.html.erb within layouts/application
  Rendered static_pages/home.html.erb within layouts/application (Duration: 2.4ms | Allocations: 582)
[Webpacker] Everything's up-to-date. Nothing to do
Completed 200 OK in 172ms (Views: 170.4ms | ActiveRecord: 0.0ms | Allocations: 51645)


Started GET "/" for 127.0.0.1 at 2020-08-07 10:44:37 +0700
Processing by StaticPagesController#home as HTML
  Rendering static_pages/home.html.erb within layouts/application
  Rendered static_pages/home.html.erb within layouts/application (Duration: 2.4ms | Allocations: 581)
[Webpacker] Everything's up-to-date. Nothing to do
Completed 200 OK in 27ms (Views: 25.1ms | ActiveRecord: 0.0ms | Allocations: 7507)


Started GET "/" for 127.0.0.1 at 2020-08-07 10:52:07 +0700
  [1m[35m (0.2ms)[0m  [1m[34mSELECT sqlite_version(*)[0m
Processing by StaticPagesController#home as HTML
  Rendering static_pages/home.html.erb within layouts/application
  Rendered static_pages/home.html.erb within layouts/application (Duration: 3.0ms | Allocations: 702)
Completed 500 Internal Server Error in 27ms (ActiveRecord: 0.0ms | Allocations: 5909)


  
ActionView::Template::Error (Missing partial layouts/_rails_default with {:locale=>[:en], :formats=>[:html], :variants=>[], :handlers=>[:raw, :erb, :html, :builder, :ruby, :jbuilder]}. Searched in:
  * "/home/nguyenthitham/thamntsample/app/views"
  * "/home/nguyenthitham/.rbenv/versions/2.7.1/lib/ruby/gems/2.7.0/gems/actiontext-6.0.3.2/app/views"
  * "/home/nguyenthitham/.rbenv/versions/2.7.1/lib/ruby/gems/2.7.0/gems/actionmailbox-6.0.3.2/app/views"
):
    2: <html>
    3: <head>
    4: <title><%= full_title(yield(:title)) %></title>
    5: <%= render 'layouts/rails_default' %>
    6: <%= render 'layouts/shim' %>
    7: </head>
    8: <body>
  
app/views/layouts/application.html.erb:5
Started GET "/" for 127.0.0.1 at 2020-08-07 10:52:51 +0700
Processing by StaticPagesController#home as HTML
  Rendering static_pages/home.html.erb within layouts/application
  Rendered static_pages/home.html.erb within layouts/application (Duration: 1.0ms | Allocations: 723)
  Rendered layouts/_shim.html.erb (Duration: 0.1ms | Allocations: 80)
  Rendered layouts/_header.html.erb (Duration: 0.3ms | Allocations: 221)
  Rendered layouts/_footer.html.erb (Duration: 0.2ms | Allocations: 153)
Completed 200 OK in 4ms (Views: 3.7ms | ActiveRecord: 0.0ms | Allocations: 3165)


Started GET "/" for 127.0.0.1 at 2020-08-07 10:52:52 +0700
Processing by StaticPagesController#home as HTML
  Rendering static_pages/home.html.erb within layouts/application
  Rendered static_pages/home.html.erb within layouts/application (Duration: 2.5ms | Allocations: 582)
  Rendered layouts/_shim.html.erb (Duration: 0.1ms | Allocations: 6)
  Rendered layouts/_header.html.erb (Duration: 0.2ms | Allocations: 65)
  Rendered layouts/_footer.html.erb (Duration: 0.2ms | Allocations: 31)
Completed 200 OK in 7ms (Views: 5.2ms | ActiveRecord: 0.0ms | Allocations: 1354)


Started GET "/" for 127.0.0.1 at 2020-08-07 10:52:52 +0700
Processing by StaticPagesController#home as HTML
  Rendering static_pages/home.html.erb within layouts/application
  Rendered static_pages/home.html.erb within layouts/application (Duration: 0.6ms | Allocations: 581)
  Rendered layouts/_shim.html.erb (Duration: 0.0ms | Allocations: 6)
  Rendered layouts/_header.html.erb (Duration: 0.1ms | Allocations: 65)
  Rendered layouts/_footer.html.erb (Duration: 0.0ms | Allocations: 31)
Completed 200 OK in 2ms (Views: 1.3ms | ActiveRecord: 0.0ms | Allocations: 1355)


Started GET "/" for 127.0.0.1 at 2020-08-07 10:53:43 +0700
Processing by StaticPagesController#home as HTML
  Rendering static_pages/home.html.erb within layouts/application
  Rendered static_pages/home.html.erb within layouts/application (Duration: 0.9ms | Allocations: 699)
[Webpacker] Everything's up-to-date. Nothing to do
  Rendered layouts/_shim.html.erb (Duration: 0.2ms | Allocations: 78)
  Rendered layouts/_header.html.erb (Duration: 0.3ms | Allocations: 218)
  Rendered layouts/_footer.html.erb (Duration: 0.2ms | Allocations: 148)
Completed 200 OK in 166ms (Views: 165.8ms | ActiveRecord: 0.0ms | Allocations: 56189)


